{"C:\\Users\\Jeffrey\\repos\\ClassRepo\\teamProfileGenerator\\index.js": {"path":"C:\\Users\\Jeffrey\\repos\\ClassRepo\\teamProfileGenerator\\index.js","statementMap":{"0":{"start":{"line":1,"column":17},"end":{"line":1,"column":36}},"1":{"start":{"line":2,"column":11},"end":{"line":2,"column":24}},"2":{"start":{"line":3,"column":13},"end":{"line":3,"column":28}},"3":{"start":{"line":5,"column":23},"end":{"line":5,"column":51}},"4":{"start":{"line":7,"column":18},"end":{"line":51,"column":1}},"5":{"start":{"line":53,"column":21},"end":{"line":75,"column":8}},"6":{"start":{"line":54,"column":2},"end":{"line":75,"column":8}},"7":{"start":{"line":78,"column":5},"end":{"line":82,"column":48}},"8":{"start":{"line":80,"column":31},"end":{"line":80,"column":82}},"9":{"start":{"line":81,"column":24},"end":{"line":81,"column":71}},"10":{"start":{"line":82,"column":28},"end":{"line":82,"column":46}},"11":{"start":{"line":85,"column":0},"end":{"line":85,"column":7}}},"fnMap":{"0":{"name":"(anonymous_0)","decl":{"start":{"line":53,"column":21},"end":{"line":53,"column":22}},"loc":{"start":{"line":54,"column":2},"end":{"line":75,"column":8}},"line":54},"1":{"name":"init","decl":{"start":{"line":77,"column":9},"end":{"line":77,"column":13}},"loc":{"start":{"line":78,"column":4},"end":{"line":83,"column":5}},"line":78},"2":{"name":"(anonymous_2)","decl":{"start":{"line":80,"column":18},"end":{"line":80,"column":19}},"loc":{"start":{"line":80,"column":31},"end":{"line":80,"column":82}},"line":80},"3":{"name":"(anonymous_3)","decl":{"start":{"line":81,"column":18},"end":{"line":81,"column":19}},"loc":{"start":{"line":81,"column":24},"end":{"line":81,"column":71}},"line":81},"4":{"name":"(anonymous_4)","decl":{"start":{"line":82,"column":19},"end":{"line":82,"column":20}},"loc":{"start":{"line":82,"column":28},"end":{"line":82,"column":46}},"line":82}},"branchMap":{},"s":{"0":1,"1":1,"2":1,"3":1,"4":1,"5":1,"6":0,"7":1,"8":0,"9":0,"10":0,"11":1},"f":{"0":0,"1":1,"2":0,"3":0,"4":0},"b":{},"_coverageSchema":"1a1c01bbd47fc00a2c39e90264f33305004495a9","hash":"38d7114ddc30d73d9342048ae0febde341668381"}
}
